#-----------------------------------------------------------
# Vivado v2018.1 (64-bit)
# SW Build 2188600 on Wed Apr  4 18:40:38 MDT 2018
# IP Build 2185939 on Wed Apr  4 20:55:05 MDT 2018
# Start of session at: Tue May 20 10:54:20 2025
# Process ID: 27204
# Current directory: D:/Uni/2nd sem/Computer Organization and Digital Design/Nano processor/Finalised competition/Nano_processor
# Command line: vivado.exe -gui_launcher_event rodinguilauncherevent25884 D:\Uni\2nd sem\Computer Organization and Digital Design\Nano processor\Finalised competition\Nano_processor\Nano_processor.xpr
# Log file: D:/Uni/2nd sem/Computer Organization and Digital Design/Nano processor/Finalised competition/Nano_processor/vivado.log
# Journal file: D:/Uni/2nd sem/Computer Organization and Digital Design/Nano processor/Finalised competition/Nano_processor\vivado.jou
#-----------------------------------------------------------
start_gui
open_project {D:/Uni/2nd sem/Computer Organization and Digital Design/Nano processor/Finalised competition/Nano_processor/Nano_processor.xpr}
INFO: [ProjectBase 1-489] The host OS only allows 260 characters in a normal path. The project is stored in a path with more than 80 characters. If you experience issues with IP, Block Designs, or files not being found, please consider moving the project to a location with a shorter path. Alternately consider using the OS subst command to map part of the path to a drive letter.
Current project path is 'D:/Uni/2nd sem/Computer Organization and Digital Design/Nano processor/Finalised competition/Nano_processor'
Scanning sources...
Finished scanning sources
INFO: [IP_Flow 19-234] Refreshing IP repositories
INFO: [IP_Flow 19-1704] No user IP repositories specified
INFO: [IP_Flow 19-2313] Loaded Vivado IP repository 'C:/Xilinx/Vivado/2018.1/data/ip'.
open_project: Time (s): cpu = 00:00:25 ; elapsed = 00:00:19 . Memory (MB): peak = 847.645 ; gain = 145.184
update_compile_order -fileset sources_1
ERROR: [Vivado 12-106] *** Exception: java.lang.ClassCastException: ui.b.c.b.A cannot be cast to javax.swing.DefaultListSelectionModel (See D:/Uni/2nd sem/Computer Organization and Digital Design/Nano processor/Finalised competition/Nano_processor/vivado_pid27204.debug)
open_run impl_1
INFO: [Netlist 29-17] Analyzing 9 Unisim elements for replacement
INFO: [Netlist 29-28] Unisim Transformation completed in 0 CPU seconds
INFO: [Project 1-479] Netlist was created with Vivado 2018.1
INFO: [Device 21-403] Loading part xc7a35tcpg236-1
INFO: [Project 1-570] Preparing netlist for logic optimization
INFO: [Timing 38-478] Restoring timing data from binary archive.
INFO: [Timing 38-479] Binary timing data restore complete.
INFO: [Project 1-856] Restoring constraints from binary archive.
INFO: [Project 1-853] Binary constraint restore complete.
Reading XDEF placement.
Reading placer database...
Reading XDEF routing.
Read XDEF File: Time (s): cpu = 00:00:00 ; elapsed = 00:00:00.117 . Memory (MB): peak = 1662.898 ; gain = 0.000
Restored from archive | CPU: 0.000000 secs | Memory: 0.000000 MB |
Finished XDEF File Restore: Time (s): cpu = 00:00:00 ; elapsed = 00:00:00.120 . Memory (MB): peak = 1662.898 ; gain = 0.000
INFO: [Project 1-111] Unisim Transformation Summary:
No Unisim elements were transformed.

open_run: Time (s): cpu = 00:00:37 ; elapsed = 00:00:35 . Memory (MB): peak = 1741.070 ; gain = 878.938
report_utilization -name utilization_1
report_utilization: Time (s): cpu = 00:00:07 ; elapsed = 00:00:03 . Memory (MB): peak = 1770.324 ; gain = 0.000
reset_run synth_1
launch_runs impl_1 -jobs 2
[Tue May 20 13:12:30 2025] Launched synth_1...
Run output will be captured here: D:/Uni/2nd sem/Computer Organization and Digital Design/Nano processor/Finalised competition/Nano_processor/Nano_processor.runs/synth_1/runme.log
[Tue May 20 13:12:30 2025] Launched impl_1...
Run output will be captured here: D:/Uni/2nd sem/Computer Organization and Digital Design/Nano processor/Finalised competition/Nano_processor/Nano_processor.runs/impl_1/runme.log
refresh_design
INFO: [Netlist 29-17] Analyzing 9 Unisim elements for replacement
INFO: [Netlist 29-28] Unisim Transformation completed in 0 CPU seconds
INFO: [Project 1-479] Netlist was created with Vivado 2018.1
INFO: [Project 1-570] Preparing netlist for logic optimization
INFO: [Timing 38-478] Restoring timing data from binary archive.
INFO: [Timing 38-479] Binary timing data restore complete.
INFO: [Project 1-856] Restoring constraints from binary archive.
INFO: [Project 1-853] Binary constraint restore complete.
Reading XDEF placement.
Reading placer database...
Reading XDEF routing.
Read XDEF File: Time (s): cpu = 00:00:00 ; elapsed = 00:00:00.068 . Memory (MB): peak = 1777.180 ; gain = 0.000
Restored from archive | CPU: 0.000000 secs | Memory: 0.000000 MB |
Finished XDEF File Restore: Time (s): cpu = 00:00:00 ; elapsed = 00:00:00.069 . Memory (MB): peak = 1777.180 ; gain = 0.000
refresh_design: Time (s): cpu = 00:00:11 ; elapsed = 00:00:06 . Memory (MB): peak = 1779.469 ; gain = 9.145
report_utilization -name utilization_1
report_utilization: Time (s): cpu = 00:00:05 ; elapsed = 00:00:02 . Memory (MB): peak = 1781.738 ; gain = 2.270
reset_run synth_1
launch_runs impl_1 -jobs 2
[Tue May 20 13:50:54 2025] Launched synth_1...
Run output will be captured here: D:/Uni/2nd sem/Computer Organization and Digital Design/Nano processor/Finalised competition/Nano_processor/Nano_processor.runs/synth_1/runme.log
[Tue May 20 13:50:54 2025] Launched impl_1...
Run output will be captured here: D:/Uni/2nd sem/Computer Organization and Digital Design/Nano processor/Finalised competition/Nano_processor/Nano_processor.runs/impl_1/runme.log
refresh_design
INFO: [Netlist 29-17] Analyzing 9 Unisim elements for replacement
INFO: [Netlist 29-28] Unisim Transformation completed in 0 CPU seconds
INFO: [Project 1-479] Netlist was created with Vivado 2018.1
INFO: [Project 1-570] Preparing netlist for logic optimization
INFO: [Timing 38-478] Restoring timing data from binary archive.
INFO: [Timing 38-479] Binary timing data restore complete.
INFO: [Project 1-856] Restoring constraints from binary archive.
INFO: [Project 1-853] Binary constraint restore complete.
Reading XDEF placement.
Reading placer database...
Reading XDEF routing.
Read XDEF File: Time (s): cpu = 00:00:00 ; elapsed = 00:00:00.214 . Memory (MB): peak = 1794.605 ; gain = 0.000
Restored from archive | CPU: 0.000000 secs | Memory: 0.000000 MB |
Finished XDEF File Restore: Time (s): cpu = 00:00:00 ; elapsed = 00:00:00.214 . Memory (MB): peak = 1794.605 ; gain = 0.000
refresh_design: Time (s): cpu = 00:00:10 ; elapsed = 00:00:07 . Memory (MB): peak = 1794.605 ; gain = 8.836
report_utilization -name utilization_1
report_utilization: Time (s): cpu = 00:00:03 ; elapsed = 00:00:02 . Memory (MB): peak = 1801.250 ; gain = 0.000
reset_run synth_1
launch_runs impl_1 -jobs 2
[Tue May 20 14:37:21 2025] Launched synth_1...
Run output will be captured here: D:/Uni/2nd sem/Computer Organization and Digital Design/Nano processor/Finalised competition/Nano_processor/Nano_processor.runs/synth_1/runme.log
[Tue May 20 14:37:21 2025] Launched impl_1...
Run output will be captured here: D:/Uni/2nd sem/Computer Organization and Digital Design/Nano processor/Finalised competition/Nano_processor/Nano_processor.runs/impl_1/runme.log
add_files -norecurse {{D:/Uni/2nd sem/Computer Organization and Digital Design/Nano processor/Finalised competition/Nano_processor/Nano_processor.srcs/sources_1/new/Decoder_2_to_4.vhd}}
update_compile_order -fileset sources_1
reset_run synth_1
launch_runs impl_1 -jobs 2
[Tue May 20 14:41:18 2025] Launched synth_1...
Run output will be captured here: D:/Uni/2nd sem/Computer Organization and Digital Design/Nano processor/Finalised competition/Nano_processor/Nano_processor.runs/synth_1/runme.log
[Tue May 20 14:41:18 2025] Launched impl_1...
Run output will be captured here: D:/Uni/2nd sem/Computer Organization and Digital Design/Nano processor/Finalised competition/Nano_processor/Nano_processor.runs/impl_1/runme.log
refresh_design
INFO: [Netlist 29-17] Analyzing 9 Unisim elements for replacement
INFO: [Netlist 29-28] Unisim Transformation completed in 0 CPU seconds
INFO: [Project 1-479] Netlist was created with Vivado 2018.1
INFO: [Project 1-570] Preparing netlist for logic optimization
INFO: [Timing 38-478] Restoring timing data from binary archive.
INFO: [Timing 38-479] Binary timing data restore complete.
INFO: [Project 1-856] Restoring constraints from binary archive.
INFO: [Project 1-853] Binary constraint restore complete.
Reading XDEF placement.
Reading placer database...
Reading XDEF routing.
Read XDEF File: Time (s): cpu = 00:00:00 ; elapsed = 00:00:00.248 . Memory (MB): peak = 1807.781 ; gain = 0.000
Restored from archive | CPU: 0.000000 secs | Memory: 0.000000 MB |
Finished XDEF File Restore: Time (s): cpu = 00:00:00 ; elapsed = 00:00:00.249 . Memory (MB): peak = 1807.781 ; gain = 0.000
refresh_design: Time (s): cpu = 00:00:10 ; elapsed = 00:00:07 . Memory (MB): peak = 1807.781 ; gain = 5.562
report_utilization -name utilization_1
report_utilization: Time (s): cpu = 00:00:04 ; elapsed = 00:00:02 . Memory (MB): peak = 1809.035 ; gain = 0.273
reset_run synth_1
launch_runs impl_1 -jobs 2
[Tue May 20 14:46:26 2025] Launched synth_1...
Run output will be captured here: D:/Uni/2nd sem/Computer Organization and Digital Design/Nano processor/Finalised competition/Nano_processor/Nano_processor.runs/synth_1/runme.log
[Tue May 20 14:46:26 2025] Launched impl_1...
Run output will be captured here: D:/Uni/2nd sem/Computer Organization and Digital Design/Nano processor/Finalised competition/Nano_processor/Nano_processor.runs/impl_1/runme.log
refresh_design
INFO: [Netlist 29-17] Analyzing 9 Unisim elements for replacement
INFO: [Netlist 29-28] Unisim Transformation completed in 0 CPU seconds
INFO: [Project 1-479] Netlist was created with Vivado 2018.1
INFO: [Project 1-570] Preparing netlist for logic optimization
INFO: [Timing 38-478] Restoring timing data from binary archive.
INFO: [Timing 38-479] Binary timing data restore complete.
INFO: [Project 1-856] Restoring constraints from binary archive.
INFO: [Project 1-853] Binary constraint restore complete.
Reading XDEF placement.
Reading placer database...
Reading XDEF routing.
Read XDEF File: Time (s): cpu = 00:00:00 ; elapsed = 00:00:00.059 . Memory (MB): peak = 1824.070 ; gain = 0.000
Restored from archive | CPU: 0.000000 secs | Memory: 0.000000 MB |
Finished XDEF File Restore: Time (s): cpu = 00:00:00 ; elapsed = 00:00:00.059 . Memory (MB): peak = 1824.070 ; gain = 0.000
refresh_design: Time (s): cpu = 00:00:08 ; elapsed = 00:00:05 . Memory (MB): peak = 1824.070 ; gain = 9.219
report_utilization -name utilization_1
report_utilization: Time (s): cpu = 00:00:03 ; elapsed = 00:00:02 . Memory (MB): peak = 1824.070 ; gain = 0.000
reset_run synth_1
launch_runs impl_1 -jobs 2
[Tue May 20 15:02:15 2025] Launched synth_1...
Run output will be captured here: D:/Uni/2nd sem/Computer Organization and Digital Design/Nano processor/Finalised competition/Nano_processor/Nano_processor.runs/synth_1/runme.log
[Tue May 20 15:02:15 2025] Launched impl_1...
Run output will be captured here: D:/Uni/2nd sem/Computer Organization and Digital Design/Nano processor/Finalised competition/Nano_processor/Nano_processor.runs/impl_1/runme.log
refresh_design
INFO: [Netlist 29-17] Analyzing 9 Unisim elements for replacement
INFO: [Netlist 29-28] Unisim Transformation completed in 0 CPU seconds
INFO: [Project 1-479] Netlist was created with Vivado 2018.1
INFO: [Project 1-570] Preparing netlist for logic optimization
INFO: [Timing 38-478] Restoring timing data from binary archive.
INFO: [Timing 38-479] Binary timing data restore complete.
INFO: [Project 1-856] Restoring constraints from binary archive.
INFO: [Project 1-853] Binary constraint restore complete.
Reading XDEF placement.
Reading placer database...
Reading XDEF routing.
Read XDEF File: Time (s): cpu = 00:00:00 ; elapsed = 00:00:00.063 . Memory (MB): peak = 1830.852 ; gain = 0.000
Restored from archive | CPU: 0.000000 secs | Memory: 0.000000 MB |
Finished XDEF File Restore: Time (s): cpu = 00:00:00 ; elapsed = 00:00:00.063 . Memory (MB): peak = 1830.852 ; gain = 0.000
refresh_design: Time (s): cpu = 00:00:08 ; elapsed = 00:00:05 . Memory (MB): peak = 1830.852 ; gain = 6.781
report_utilization -name utilization_1
report_utilization: Time (s): cpu = 00:00:03 ; elapsed = 00:00:02 . Memory (MB): peak = 1830.852 ; gain = 0.000
update_compile_order -fileset sources_1
reset_run synth_1
launch_runs impl_1 -jobs 2
[Tue May 20 15:13:59 2025] Launched synth_1...
Run output will be captured here: D:/Uni/2nd sem/Computer Organization and Digital Design/Nano processor/Finalised competition/Nano_processor/Nano_processor.runs/synth_1/runme.log
[Tue May 20 15:13:59 2025] Launched impl_1...
Run output will be captured here: D:/Uni/2nd sem/Computer Organization and Digital Design/Nano processor/Finalised competition/Nano_processor/Nano_processor.runs/impl_1/runme.log
refresh_design
INFO: [Netlist 29-17] Analyzing 9 Unisim elements for replacement
INFO: [Netlist 29-28] Unisim Transformation completed in 0 CPU seconds
INFO: [Project 1-479] Netlist was created with Vivado 2018.1
INFO: [Project 1-570] Preparing netlist for logic optimization
INFO: [Timing 38-478] Restoring timing data from binary archive.
INFO: [Timing 38-479] Binary timing data restore complete.
INFO: [Project 1-856] Restoring constraints from binary archive.
INFO: [Project 1-853] Binary constraint restore complete.
Reading XDEF placement.
Reading placer database...
Reading XDEF routing.
Read XDEF File: Time (s): cpu = 00:00:00 ; elapsed = 00:00:00.098 . Memory (MB): peak = 1835.430 ; gain = 0.000
Restored from archive | CPU: 0.000000 secs | Memory: 0.000000 MB |
Finished XDEF File Restore: Time (s): cpu = 00:00:00 ; elapsed = 00:00:00.098 . Memory (MB): peak = 1835.430 ; gain = 0.000
refresh_design: Time (s): cpu = 00:00:11 ; elapsed = 00:00:07 . Memory (MB): peak = 1835.430 ; gain = 4.578
report_utilization -name utilization_1
report_utilization: Time (s): cpu = 00:00:03 ; elapsed = 00:00:02 . Memory (MB): peak = 1835.430 ; gain = 0.000
