#-----------------------------------------------------------
# Vivado v2018.1 (64-bit)
# SW Build 2188600 on Wed Apr  4 18:40:38 MDT 2018
# IP Build 2185939 on Wed Apr  4 20:55:05 MDT 2018
# Start of session at: Fri May 16 04:04:12 2025
# Process ID: 4252
# Current directory: D:/Uni/2nd sem/Computer Organization and Digital Design/Nano processor/Finalised competition/Nano_processor
# Command line: vivado.exe -gui_launcher_event rodinguilauncherevent10036 D:\Uni\2nd sem\Computer Organization and Digital Design\Nano processor\Finalised competition\Nano_processor\Nano_processor.xpr
# Log file: D:/Uni/2nd sem/Computer Organization and Digital Design/Nano processor/Finalised competition/Nano_processor/vivado.log
# Journal file: D:/Uni/2nd sem/Computer Organization and Digital Design/Nano processor/Finalised competition/Nano_processor\vivado.jou
#-----------------------------------------------------------
start_gui
open_project {D:/Uni/2nd sem/Computer Organization and Digital Design/Nano processor/Finalised competition/Nano_processor/Nano_processor.xpr}
INFO: [ProjectBase 1-489] The host OS only allows 260 characters in a normal path. The project is stored in a path with more than 80 characters. If you experience issues with IP, Block Designs, or files not being found, please consider moving the project to a location with a shorter path. Alternately consider using the OS subst command to map part of the path to a drive letter.
Current project path is 'D:/Uni/2nd sem/Computer Organization and Digital Design/Nano processor/Finalised competition/Nano_processor'
INFO: [Project 1-313] Project file moved from 'D:/Uni/2nd sem/Computer Organization and Digital Design/Nano processor/Finalised/Nano_processor' since last save.
Scanning sources...
Finished scanning sources
INFO: [IP_Flow 19-234] Refreshing IP repositories
INFO: [IP_Flow 19-1704] No user IP repositories specified
INFO: [IP_Flow 19-2313] Loaded Vivado IP repository 'C:/Xilinx/Vivado/2018.1/data/ip'.
open_project: Time (s): cpu = 00:00:21 ; elapsed = 00:00:14 . Memory (MB): peak = 879.918 ; gain = 143.645
update_compile_order -fileset sources_1
reset_run synth_1
launch_runs impl_1 -to_step write_bitstream -jobs 2
[Fri May 16 04:05:32 2025] Launched synth_1...
Run output will be captured here: D:/Uni/2nd sem/Computer Organization and Digital Design/Nano processor/Finalised competition/Nano_processor/Nano_processor.runs/synth_1/runme.log
[Fri May 16 04:05:32 2025] Launched impl_1...
Run output will be captured here: D:/Uni/2nd sem/Computer Organization and Digital Design/Nano processor/Finalised competition/Nano_processor/Nano_processor.runs/impl_1/runme.log
open_run impl_1
INFO: [Netlist 29-17] Analyzing 9 Unisim elements for replacement
INFO: [Netlist 29-28] Unisim Transformation completed in 0 CPU seconds
INFO: [Project 1-479] Netlist was created with Vivado 2018.1
INFO: [Device 21-403] Loading part xc7a35tcpg236-1
INFO: [Project 1-570] Preparing netlist for logic optimization
INFO: [Timing 38-478] Restoring timing data from binary archive.
INFO: [Timing 38-479] Binary timing data restore complete.
INFO: [Project 1-856] Restoring constraints from binary archive.
INFO: [Project 1-853] Binary constraint restore complete.
Reading XDEF placement.
Reading placer database...
Reading XDEF routing.
Read XDEF File: Time (s): cpu = 00:00:00 ; elapsed = 00:00:00.076 . Memory (MB): peak = 1705.758 ; gain = 0.000
Restored from archive | CPU: 0.000000 secs | Memory: 0.000000 MB |
Finished XDEF File Restore: Time (s): cpu = 00:00:00 ; elapsed = 00:00:00.077 . Memory (MB): peak = 1705.758 ; gain = 0.000
INFO: [Project 1-111] Unisim Transformation Summary:
No Unisim elements were transformed.

open_run: Time (s): cpu = 00:00:40 ; elapsed = 00:00:37 . Memory (MB): peak = 1793.230 ; gain = 889.648
report_utilization -name utilization_1
report_utilization: Time (s): cpu = 00:00:07 ; elapsed = 00:00:03 . Memory (MB): peak = 1814.004 ; gain = 0.000
update_compile_order -fileset sources_1
update_compile_order -fileset sources_1
reset_run synth_1
launch_runs impl_1 -to_step write_bitstream -jobs 2
[Fri May 16 05:35:03 2025] Launched synth_1...
Run output will be captured here: D:/Uni/2nd sem/Computer Organization and Digital Design/Nano processor/Finalised competition/Nano_processor/Nano_processor.runs/synth_1/runme.log
[Fri May 16 05:35:03 2025] Launched impl_1...
Run output will be captured here: D:/Uni/2nd sem/Computer Organization and Digital Design/Nano processor/Finalised competition/Nano_processor/Nano_processor.runs/impl_1/runme.log
reset_run synth_1
launch_runs impl_1 -to_step write_bitstream -jobs 2
[Fri May 16 05:38:43 2025] Launched synth_1...
Run output will be captured here: D:/Uni/2nd sem/Computer Organization and Digital Design/Nano processor/Finalised competition/Nano_processor/Nano_processor.runs/synth_1/runme.log
[Fri May 16 05:38:43 2025] Launched impl_1...
Run output will be captured here: D:/Uni/2nd sem/Computer Organization and Digital Design/Nano processor/Finalised competition/Nano_processor/Nano_processor.runs/impl_1/runme.log
reset_run synth_1
launch_runs impl_1 -to_step write_bitstream -jobs 2
[Fri May 16 05:40:47 2025] Launched synth_1...
Run output will be captured here: D:/Uni/2nd sem/Computer Organization and Digital Design/Nano processor/Finalised competition/Nano_processor/Nano_processor.runs/synth_1/runme.log
[Fri May 16 05:40:47 2025] Launched impl_1...
Run output will be captured here: D:/Uni/2nd sem/Computer Organization and Digital Design/Nano processor/Finalised competition/Nano_processor/Nano_processor.runs/impl_1/runme.log
reset_run synth_1
launch_runs synth_1 -jobs 2
[Fri May 16 05:43:35 2025] Launched synth_1...
Run output will be captured here: D:/Uni/2nd sem/Computer Organization and Digital Design/Nano processor/Finalised competition/Nano_processor/Nano_processor.runs/synth_1/runme.log
exit
INFO: [Common 17-206] Exiting Vivado at Fri May 16 05:47:12 2025...
